#
# There is insufficient memory for the Java Runtime Environment to continue.
# Native memory allocation (mmap) failed to map 134217728 bytes. Error detail: G1 virtual space
# Possible reasons:
#   The system is out of physical RAM or swap space
#   This process is running with CompressedOops enabled, and the Java Heap may be blocking the growth of the native heap
# Possible solutions:
#   Reduce memory load on the system
#   Increase physical memory or swap space
#   Check if swap backing store is full
#   Decrease Java heap size (-Xmx/-Xms)
#   Decrease number of Java threads
#   Decrease Java thread stack sizes (-Xss)
#   Set larger code cache with -XX:ReservedCodeCacheSize=
#   JVM is running with Unscaled Compressed Oops mode in which the Java heap is
#     placed in the first 4GB address space. The Java Heap base address is the
#     maximum limit for the native heap growth. Please use -XX:HeapBaseMinAddress
#     to set the Java Heap base and to place the Java Heap above 4GB virtual address.
# This output file may be truncated or incomplete.
#
#  Out of Memory Error (os_windows.cpp:3703), pid=14952, tid=11336
#
# JRE version:  (23.0.1+11) (build )
# Java VM: Java HotSpot(TM) 64-Bit Server VM (23.0.1+11-39, mixed mode, sharing, tiered, compressed oops, compressed class ptrs, g1 gc, windows-amd64)
# No core dump will be written. Minidumps are not enabled by default on client versions of Windows
#

---------------  S U M M A R Y ------------

Command Line: C:\Users\Yash\AppData\Local\Temp\surefire13680469430664477641\surefirebooter-20250717144105978_3.jar C:\Users\Yash\AppData\Local\Temp\surefire13680469430664477641 2025-07-17T14-41-05_461-jvmRun1 surefire-20250717144105978_1tmp surefire_0-20250717144105978_2tmp

Host: Intel(R) Core(TM) i5-8250U CPU @ 1.60GHz, 8 cores, 7G,  Windows 11 , 64 bit Build 26100 (10.0.26100.4484)
Time: Thu Jul 17 14:41:08 2025 India Standard Time elapsed time: 2.043240 seconds (0d 0h 0m 2s)

---------------  T H R E A D  ---------------

Current thread (0x0000023911f0b9e0):  JavaThread "Unknown thread" [_thread_in_vm, id=11336, stack(0x0000004a8f100000,0x0000004a8f200000) (1024K)]

Stack: [0x0000004a8f100000,0x0000004a8f200000]
Native frames: (J=compiled Java code, j=interpreted, Vv=VM code, C=native code)
V  [jvm.dll+0x6e08b9]  (no source info available)
V  [jvm.dll+0x87dc83]  (no source info available)
V  [jvm.dll+0x88010e]  (no source info available)
V  [jvm.dll+0x8807e3]  (no source info available)
V  [jvm.dll+0x27aee6]  (no source info available)
V  [jvm.dll+0x6dd1c5]  (no source info available)
V  [jvm.dll+0x6d104a]  (no source info available)
V  [jvm.dll+0x35b3ea]  (no source info available)
V  [jvm.dll+0x3637f6]  (no source info available)
V  [jvm.dll+0x34fd5e]  (no source info available)
V  [jvm.dll+0x34fff8]  (no source info available)
V  [jvm.dll+0x3289cc]  (no source info available)
V  [jvm.dll+0x32966e]  (no source info available)
V  [jvm.dll+0x844355]  (no source info available)
V  [jvm.dll+0x3b9848]  (no source info available)
V  [jvm.dll+0x82d14c]  (no source info available)
V  [jvm.dll+0x454d4e]  (no source info available)
V  [jvm.dll+0x456bd1]  (no source info available)
C  [jli.dll+0x52a3]  (no source info available)
C  [ucrtbase.dll+0x37b0]  (no source info available)
C  [KERNEL32.DLL+0x2e8d7]  (no source info available)
C  [ntdll.dll+0x3c34c]  (no source info available)

Lock stack of current Java thread (top to bottom):


---------------  P R O C E S S  ---------------

Threads class SMR info:
_java_thread_list=0x00007ffe283e3618, length=0, elements={
}

Java Threads: ( => current thread )
Total: 0

Other Threads:
  0x00000239143647f0 WorkerThread "GC Thread#0"                     [id=10968, stack(0x0000004a8f200000,0x0000004a8f300000) (1024K)]
  0x000002391437b430 ConcurrentGCThread "G1 Main Marker"            [id=17108, stack(0x0000004a8f300000,0x0000004a8f400000) (1024K)]
  0x000002391437c6e0 WorkerThread "G1 Conc#0"                       [id=27328, stack(0x0000004a8f400000,0x0000004a8f500000) (1024K)]

[error occurred during error reporting (printing all threads), id 0xc0000005, EXCEPTION_ACCESS_VIOLATION (0xc0000005) at pc=0x00007ffe27b2bfba]
VM state: not at safepoint (not fully initialized)

VM Mutex/Monitor currently owned by a thread:  ([mutex/lock_event])
[0x00007ffe28463a10] Heap_lock - owner thread: 0x0000023911f0b9e0

Heap address: 0x0000000081a00000, size: 2022 MB, Compressed Oops mode: 32-bit

CDS archive(s) mapped at: [0x0000000000000000-0x0000000000000000-0x0000000000000000), size 0, SharedBaseAddress: 0x0000000800000000, ArchiveRelocationMode: 1.
Narrow klass base: 0x0000000000000000, Narrow klass shift: 0, Narrow klass range: 0x0

GC Precious Log:
 CardTable entry size: 512
 Card Set container configuration: InlinePtr #cards 5 size 8 Array Of Cards #cards 10 size 36 Howl #buckets 4 coarsen threshold 1843 Howl Bitmap #cards 512 size 80 coarsen threshold 460 Card regions per heap region 1 cards per card region 2048

Heap:
 garbage-first heap   total reserved 2070528K, committed 0K, used 0K [0x0000000081a00000, 0x0000000100000000)
  region size 1024K, 0 young (0K), 0 survivors (0K)

[error occurred during error reporting (printing heap information), id 0xc0000005, EXCEPTION_ACCESS_VIOLATION (0xc0000005) at pc=0x00007ffe27f2c3c9]
GC Heap History (0 events):
No events

Dll operation events (1 events):
Event: 0.020 Loaded shared library C:\Program Files\Java\jdk-23\bin\java.dll

Deoptimization events (0 events):
No events

Classes loaded (0 events):
No events

Classes unloaded (0 events):
No events

Classes redefined (0 events):
No events

Internal exceptions (0 events):
No events

VM Operations (0 events):
No events

Memory protections (0 events):
No events

Nmethod flushes (0 events):
No events

Events (0 events):
No events


Dynamic libraries:
0x00007ff7e5260000 - 0x00007ff7e5270000 	C:\Program Files\Java\jdk-23\bin\java.exe
0x00007ffeee0e0000 - 0x00007ffeee348000 	C:\WINDOWS\SYSTEM32\ntdll.dll
0x00007ffeb7030000 - 0x00007ffeb7050000 	C:\Program Files\Avast Software\Avast\aswhook.dll
0x00007ffeecc10000 - 0x00007ffeeccd9000 	C:\WINDOWS\System32\KERNEL32.DLL
0x00007ffeeb530000 - 0x00007ffeeb91d000 	C:\WINDOWS\System32\KERNELBASE.dll
0x00007ffeebb30000 - 0x00007ffeebc7b000 	C:\WINDOWS\System32\ucrtbase.dll
0x00007ffecbf40000 - 0x00007ffecbf57000 	C:\Program Files\Java\jdk-23\bin\jli.dll
0x00007ffecbfd0000 - 0x00007ffecbfeb000 	C:\Program Files\Java\jdk-23\bin\VCRUNTIME140.dll
0x00007ffeec300000 - 0x00007ffeec4cc000 	C:\WINDOWS\System32\USER32.dll
0x00007ffeccb10000 - 0x00007ffeccdaa000 	C:\WINDOWS\WinSxS\amd64_microsoft.windows.common-controls_6595b64144ccf1df_6.0.26100.4484_none_3e0e6d4ce32ef3b3\COMCTL32.dll
0x00007ffeeba60000 - 0x00007ffeeba87000 	C:\WINDOWS\System32\win32u.dll
0x00007ffeebe80000 - 0x00007ffeebeab000 	C:\WINDOWS\System32\GDI32.dll
0x00007ffeebeb0000 - 0x00007ffeebf59000 	C:\WINDOWS\System32\msvcrt.dll
0x00007ffeebc80000 - 0x00007ffeebdb7000 	C:\WINDOWS\System32\gdi32full.dll
0x00007ffeeb9b0000 - 0x00007ffeeba53000 	C:\WINDOWS\System32\msvcp_win.dll
0x00007ffeed320000 - 0x00007ffeed34f000 	C:\WINDOWS\System32\IMM32.DLL
0x00007ffed7ad0000 - 0x00007ffed7adc000 	C:\Program Files\Java\jdk-23\bin\vcruntime140_1.dll
0x00007ffeb1290000 - 0x00007ffeb131e000 	C:\Program Files\Java\jdk-23\bin\msvcp140.dll
0x00007ffe277f0000 - 0x00007ffe2853f000 	C:\Program Files\Java\jdk-23\bin\server\jvm.dll
0x00007ffeeced0000 - 0x00007ffeecf84000 	C:\WINDOWS\System32\ADVAPI32.dll
0x00007ffeec900000 - 0x00007ffeec9a6000 	C:\WINDOWS\System32\sechost.dll
0x00007ffeec000000 - 0x00007ffeec118000 	C:\WINDOWS\System32\RPCRT4.dll
0x00007ffeece50000 - 0x00007ffeecec4000 	C:\WINDOWS\System32\WS2_32.dll
0x00007ffeeb0a0000 - 0x00007ffeeb0fe000 	C:\WINDOWS\SYSTEM32\POWRPROF.dll
0x00007ffee0e90000 - 0x00007ffee0e9b000 	C:\WINDOWS\SYSTEM32\VERSION.dll
0x00007ffed54d0000 - 0x00007ffed5505000 	C:\WINDOWS\SYSTEM32\WINMM.dll
0x00007ffeeb080000 - 0x00007ffeeb094000 	C:\WINDOWS\SYSTEM32\UMPDC.dll
0x00007ffee9fd0000 - 0x00007ffee9feb000 	C:\WINDOWS\SYSTEM32\kernel.appcore.dll
0x00007ffecbe40000 - 0x00007ffecbe4a000 	C:\Program Files\Java\jdk-23\bin\jimage.dll
0x00007ffee59b0000 - 0x00007ffee5bf1000 	C:\WINDOWS\SYSTEM32\DBGHELP.DLL
0x00007ffeecf90000 - 0x00007ffeed316000 	C:\WINDOWS\System32\combase.dll
0x00007ffeec560000 - 0x00007ffeec640000 	C:\WINDOWS\System32\OLEAUT32.dll
0x00007ffed9060000 - 0x00007ffed90a3000 	C:\WINDOWS\SYSTEM32\dbgcore.DLL
0x00007ffeeba90000 - 0x00007ffeebb29000 	C:\WINDOWS\System32\bcryptPrimitives.dll
0x00007ffecbe20000 - 0x00007ffecbe3e000 	C:\Program Files\Java\jdk-23\bin\java.dll
0x00007ffeec650000 - 0x00007ffeec7ee000 	C:\WINDOWS\System32\ole32.dll
0x00007ffeed3c0000 - 0x00007ffeedb0a000 	C:\WINDOWS\System32\SHELL32.dll
0x00007ffeeb3b0000 - 0x00007ffeeb524000 	C:\WINDOWS\System32\wintypes.dll

dbghelp: loaded successfully - version: 4.0.5 - missing functions: none
symbol engine: initialized successfully - sym options: 0x614 - pdb path: .;C:\Program Files\Java\jdk-23\bin;C:\WINDOWS\SYSTEM32;C:\Program Files\Avast Software\Avast;C:\WINDOWS\WinSxS\amd64_microsoft.windows.common-controls_6595b64144ccf1df_6.0.26100.4484_none_3e0e6d4ce32ef3b3;C:\Program Files\Java\jdk-23\bin\server

VM Arguments:
java_command: C:\Users\Yash\AppData\Local\Temp\surefire13680469430664477641\surefirebooter-20250717144105978_3.jar C:\Users\Yash\AppData\Local\Temp\surefire13680469430664477641 2025-07-17T14-41-05_461-jvmRun1 surefire-20250717144105978_1tmp surefire_0-20250717144105978_2tmp
java_class_path (initial): C:\Users\Yash\AppData\Local\Temp\surefire13680469430664477641\surefirebooter-20250717144105978_3.jar
Launcher Type: SUN_STANDARD

[Global flags]
     intx CICompilerCount                          = 4                                         {product} {ergonomic}
     uint ConcGCThreads                            = 2                                         {product} {ergonomic}
     uint G1ConcRefinementThreads                  = 8                                         {product} {ergonomic}
   size_t G1HeapRegionSize                         = 1048576                                   {product} {ergonomic}
   size_t InitialHeapSize                          = 134217728                                 {product} {ergonomic}
   size_t MarkStackSize                            = 4194304                                   {product} {ergonomic}
   size_t MarkStackSizeMax                         = 536870912                                 {product} {ergonomic}
   size_t MaxHeapSize                              = 2120220672                                {product} {ergonomic}
   size_t MinHeapDeltaBytes                        = 1048576                                   {product} {ergonomic}
   size_t MinHeapSize                              = 8388608                                   {product} {ergonomic}
    uintx NonNMethodCodeHeapSize                   = 5832704                                {pd product} {ergonomic}
    uintx NonProfiledCodeHeapSize                  = 122945536                              {pd product} {ergonomic}
    uintx ProfiledCodeHeapSize                     = 122880000                              {pd product} {ergonomic}
    uintx ReservedCodeCacheSize                    = 251658240                              {pd product} {ergonomic}
     bool SegmentedCodeCache                       = true                                      {product} {ergonomic}
   size_t SoftMaxHeapSize                          = 2120220672                             {manageable} {ergonomic}
     bool UseCompressedOops                        = true                           {product lp64_product} {ergonomic}
     bool UseG1GC                                  = true                                      {product} {ergonomic}
     bool UseLargePagesIndividualAllocation        = false                                  {pd product} {ergonomic}

Logging:
Log output configuration:
 #0: stdout all=warning uptime,level,tags foldmultilines=false
 #1: stderr all=off uptime,level,tags foldmultilines=false

Environment Variables:
PATH=C:\app\Administrator\product\21c\dbhomeXE\bin;C:\Program Files\Common Files\Oracle\Java\javapath;C:\Program Files;C:\Program Files\Java\jdk-23\bin;C:\Users\Yash\apache-maven-3.9.9\bin;C:\Users\Yash\AppData\Local\Microsoft\WindowsApps;C:\Users\Yash\AppData\Local\Programs\Git\cmd
USERNAME=Yash
OS=Windows_NT
PROCESSOR_IDENTIFIER=Intel64 Family 6 Model 142 Stepping 10, GenuineIntel
TMP=C:\Users\Yash\AppData\Local\Temp
TEMP=C:\Users\Yash\AppData\Local\Temp




Periodic native trim disabled

---------------  S Y S T E M  ---------------

OS:
 Windows 11 , 64 bit Build 26100 (10.0.26100.4484)
OS uptime: 1 days 1:10 hours

CPU: total 8 (initial active 8) (4 cores per cpu, 2 threads per core) family 6 model 142 stepping 10 microcode 0xf4, cx8, cmov, fxsr, ht, mmx, 3dnowpref, sse, sse2, sse3, ssse3, sse4.1, sse4.2, popcnt, lzcnt, tsc, tscinvbit, avx, avx2, aes, erms, clmul, bmi1, bmi2, adx, fma, vzeroupper, clflush, clflushopt, rdtscp, f16c
Processor Information for the first 8 processors :
  Max Mhz: 1800, Current Mhz: 1600, Mhz Limit: 1584

Memory: 4k page, system-wide physical 8083M (690M free)
TotalPageFile size 23296M (AvailPageFile size 75M)
current process WorkingSet (physical memory assigned to process): 13M, peak: 13M
current process commit charge ("private bytes"): 61M, peak: 188M

vm_info: Java HotSpot(TM) 64-Bit Server VM (23.0.1+11-39) for windows-amd64 JRE (23.0.1+11-39), built on 2024-09-30T07:20:43Z with MS VC++ 17.6 (VS2022)

END.
